<?xml version="1.0" encoding="UTF-8"?>
<!-- Generated by org.testng.reporters.JUnitReportReporter -->
<testsuite hostname="LAPTOP-5RVKDHMM" failures="0" tests="3" name="webDriverCommandsPractice.WebDriverCommands" time="0.202" errors="0" timestamp="2023-06-28T18:15:08 EDT" skipped="1">
  <testcase classname="webDriverCommandsPractice.WebDriverCommands" name="testchkbox1" time="0.125"/>
  <testcase classname="webDriverCommandsPractice.WebDriverCommands" name="testchkbox" time="0.077"/>
  <testcase classname="webDriverCommandsPractice.WebDriverCommands" name="testRdioBtn">
    <skipped/>
  </testcase> <!-- testRdioBtn -->
</testsuite> <!-- webDriverCommandsPractice.WebDriverCommands -->
