<?xml version="1.0" encoding="UTF-8"?>
<!-- Generated by org.testng.reporters.JUnitReportReporter -->
<testsuite hostname="LAPTOP-5RVKDHMM" failures="0" tests="1" name="MultiThread_Parallel.testEcommerce2" time="4.135" errors="0" timestamp="2023-07-10T19:37:45 EDT" skipped="0">
  <testcase classname="MultiThread_Parallel.testEcommerce2" name="testClickComputers" time="4.135"/>
</testsuite> <!-- MultiThread_Parallel.testEcommerce2 -->
