<?xml version="1.0" encoding="UTF-8"?>
<!-- Generated by org.testng.reporters.JUnitReportReporter -->
<testsuite hostname="LAPTOP-5RVKDHMM" failures="0" tests="1" name="orangeHR_NoThread.spreadSheetHRM$testHRMPage_testNG" time="2.513" errors="0" timestamp="2023-07-14T17:08:39 EDT" skipped="0">
  <testcase classname="orangeHR_NoThread.spreadSheetHRM$testHRMPage_testNG" name="testloginpage" time="2.513"/>
</testsuite> <!-- orangeHR_NoThread.spreadSheetHRM$testHRMPage_testNG -->
