<?xml version="1.0" encoding="UTF-8"?>
<!-- Generated by org.testng.reporters.JUnitReportReporter -->
<testsuite hostname="LAPTOP-5RVKDHMM" failures="0" tests="4" name="DataProviders.DataDrivenTest2" time="19.905" errors="0" timestamp="2023-07-12T20:34:50 EDT" skipped="1">
  <testcase classname="DataProviders.DataDrivenTest2" name="testGoogleSearch" time="6.676"/>
  <testcase classname="DataProviders.DataDrivenTest2" name="testGoogleSearch" time="6.594"/>
  <testcase classname="DataProviders.DataDrivenTest2" name="testGoogleSearch" time="6.635"/>
  <testcase classname="DataProviders.DataDrivenTest2" name="testMySqlData">
    <skipped/>
  </testcase> <!-- testMySqlData -->
</testsuite> <!-- DataProviders.DataDrivenTest2 -->
